<?xml version="1.0" encoding="UTF-8"?>
<testsuite xmlns:xsi="http://www.w3.org/2001/XMLSchema-instance" xsi:noNamespaceSchemaLocation="https://maven.apache.org/surefire/maven-surefire-plugin/xsd/surefire-test-report.xsd" name="TestSuite" time="30.601" tests="1" errors="0" skipped="0" failures="1">
  <properties>
[...]
</properties>
  <testcase name="createCompanyWithPublicAccess" classname="com.slokam.test.automation.testscripts.basic.CreateCompanyTest" time="15.853">
    <failure message="Element By.xpath: //div[@name=&apos;country&apos;] was not clickable&#10;com.slokam.test.automation.common.selenium.SafeActions.safeClick(SafeActions.java:110)&#10;com.slokam.test.automation.common.pages.CreateCompanyPage.createPublicAccessCompany(CreateCompanyPage.java:35)&#10;com.slokam.test.automation.testscripts.basic.CreateCompanyTest.createCompanyWithPublicAccess(CreateCompanyTest.java:44)&#10;sun.reflect.NativeMethodAccessorImpl.invoke0(Native Method)&#10;sun.reflect.NativeMethodAccessorImpl.invoke(Unknown Source)&#10;sun.reflect.DelegatingMethodAccessorImpl.invoke(Unknown Source)&#10;java.lang.reflect.Method.invoke(Unknown Source)&#10;org.testng.internal.MethodInvocationHelper.invokeMethod(MethodInvocationHelper.java:124)&#10;org.testng.internal.Invoker.invokeMethod(Invoker.java:583)&#10;org.testng.internal.Invoker.invokeTestMethod(Invoker.java:719)&#10;org.testng.internal.Invoker.invokeTestMethods(Invoker.java:989)&#10;org.testng.internal.TestMethodWorker.invokeTestMethods(TestMethodWorker.java:125)&#10;org.testng.internal.TestMethodWorker.run(TestMethodWorker.java:109)&#10;org.testng.TestRunner.privateRun(TestRunner.java:648)&#10;org.testng.TestRunner.run(TestRunner.java:505)&#10;org.testng.SuiteRunner.runTest(SuiteRunner.java:455)&#10;org.testng.SuiteRunner.runSequentially(SuiteRunner.java:450)&#10;org.testng.SuiteRunner.privateRun(SuiteRunner.java:415)&#10;org.testng.SuiteRunner.run(SuiteRunner.java:364)&#10;org.testng.SuiteRunnerWorker.runSuite(SuiteRunnerWorker.java:52)&#10;org.testng.SuiteRunnerWorker.run(SuiteRunnerWorker.java:84)&#10;org.testng.TestNG.runSuitesSequentially(TestNG.java:1208)&#10;org.testng.TestNG.runSuitesLocally(TestNG.java:1137)&#10;org.testng.TestNG.runSuites(TestNG.java:1049)&#10;org.testng.TestNG.run(TestNG.java:1017)&#10;org.apache.maven.surefire.testng.TestNGExecutor.run(TestNGExecutor.java:283)&#10;org.apache.maven.surefire.testng.TestNGXmlTestSuite.execute(TestNGXmlTestSuite.java:75)&#10;org.apache.maven.surefire.testng.TestNGProvider.invoke(TestNGProvider.java:120)&#10;org.apache.maven.surefire.booter.ForkedBooter.invokeProviderInSameClassLoader(ForkedBooter.java:379)&#10;org.apache.maven.surefire.booter.ForkedBooter.runSuitesInProcess(ForkedBooter.java:340)&#10;org.apache.maven.surefire.booter.ForkedBooter.execute(ForkedBooter.java:125)&#10;org.apache.maven.surefire.booter.ForkedBooter.main(ForkedBooter.java:413)" type="java.lang.AssertionError">java.lang.AssertionError: 
Element By.xpath: //div[@name='country'] was not clickable
com.slokam.test.automation.common.selenium.SafeActions.safeClick(SafeActions.java:110)
com.slokam.test.automation.common.pages.CreateCompanyPage.createPublicAccessCompany(CreateCompanyPage.java:35)
com.slokam.test.automation.testscripts.basic.CreateCompanyTest.createCompanyWithPublicAccess(CreateCompanyTest.java:44)
sun.reflect.NativeMethodAccessorImpl.invoke0(Native Method)
sun.reflect.NativeMethodAccessorImpl.invoke(Unknown Source)
sun.reflect.DelegatingMethodAccessorImpl.invoke(Unknown Source)
java.lang.reflect.Method.invoke(Unknown Source)
org.testng.internal.MethodInvocationHelper.invokeMethod(MethodInvocationHelper.java:124)
org.testng.internal.Invoker.invokeMethod(Invoker.java:583)
org.testng.internal.Invoker.invokeTestMethod(Invoker.java:719)
org.testng.internal.Invoker.invokeTestMethods(Invoker.java:989)
org.testng.internal.TestMethodWorker.invokeTestMethods(TestMethodWorker.java:125)
org.testng.internal.TestMethodWorker.run(TestMethodWorker.java:109)
org.testng.TestRunner.privateRun(TestRunner.java:648)
org.testng.TestRunner.run(TestRunner.java:505)
org.testng.SuiteRunner.runTest(SuiteRunner.java:455)
org.testng.SuiteRunner.runSequentially(SuiteRunner.java:450)
org.testng.SuiteRunner.privateRun(SuiteRunner.java:415)
org.testng.SuiteRunner.run(SuiteRunner.java:364)
org.testng.SuiteRunnerWorker.runSuite(SuiteRunnerWorker.java:52)
org.testng.SuiteRunnerWorker.run(SuiteRunnerWorker.java:84)
org.testng.TestNG.runSuitesSequentially(TestNG.java:1208)
org.testng.TestNG.runSuitesLocally(TestNG.java:1137)
org.testng.TestNG.runSuites(TestNG.java:1049)
org.testng.TestNG.run(TestNG.java:1017)
org.apache.maven.surefire.testng.TestNGExecutor.run(TestNGExecutor.java:283)
org.apache.maven.surefire.testng.TestNGXmlTestSuite.execute(TestNGXmlTestSuite.java:75)
org.apache.maven.surefire.testng.TestNGProvider.invoke(TestNGProvider.java:120)
org.apache.maven.surefire.booter.ForkedBooter.invokeProviderInSameClassLoader(ForkedBooter.java:379)
org.apache.maven.surefire.booter.ForkedBooter.runSuitesInProcess(ForkedBooter.java:340)
org.apache.maven.surefire.booter.ForkedBooter.execute(ForkedBooter.java:125)
org.apache.maven.surefire.booter.ForkedBooter.main(ForkedBooter.java:413)
	at com.slokam.test.automation.testscripts.basic.CreateCompanyTest.createCompanyWithPublicAccess(CreateCompanyTest.java:44)
</failure>
    <system-out><![CDATA[...
... TestNG 6.14.3 by Cédric Beust (cedric@beust.com)
...

$$$$  EXTENT report attached
2020-02-22 09:30:05 INFO  BaseClass:83 - <h2>--------------------SuiteRunner Log-------------------------<h2>
browserType = chrome
2020-02-22 09:30:05 INFO  BaseClass:120 - Browser name present in config file :chrome
2020-02-22 09:30:05 INFO  BaseClass:121 - -----------------STARTED RUNNING SELENIUM TESTS ON LOCAL MACHINE------------------
Browser value is ::chrome
2020-02-22 09:30:11 INFO  BaseClass:100 - Initiated Webdriver...
2020-02-22 09:30:16 INFO  TestListener:145 - <h2>**************CURRENTLY RUNNING TEST************ createCompanyWithPublicAccess</h2>
2020-02-22 09:30:16 INFO  TestListener:145 - <h2>**************CURRENTLY RUNNING TEST************ createCompanyWithPublicAccess</h2>
2020-02-22 09:30:21 INFO  Sync:125 - Waiting for presence of element By.name: email
2020-02-22 09:30:21 INFO  Sync:133 - Element By.name: email is displayed
2020-02-22 09:30:21 INFO  Sync:125 - Waiting for presence of element By.name: password
2020-02-22 09:30:22 INFO  Sync:133 - Element By.name: password is displayed
2020-02-22 09:30:22 INFO  Sync:218 - Waiting until element By.xpath: //div[text()='Login'] is clickable
2020-02-22 09:30:22 INFO  Sync:225 - Element By.xpath: //div[text()='Login'] is displayed and is clickable
2020-02-22 09:30:22 INFO  SafeActions:89 - Clicked on the element By.xpath: //div[text()='Login']
2020-02-22 09:30:22 INFO  Sync:218 - Waiting until element By.xpath: //div[@id='main-nav']//span[text()='Companies'] is clickable
2020-02-22 09:30:24 INFO  Sync:225 - Element By.xpath: //div[@id='main-nav']//span[text()='Companies'] is displayed and is clickable
2020-02-22 09:30:24 INFO  SafeActions:89 - Clicked on the element By.xpath: //div[@id='main-nav']//span[text()='Companies']
2020-02-22 09:30:24 INFO  Sync:125 - Waiting for presence of element By.xpath: //div[@id='main-nav']//span[text()='Home']
2020-02-22 09:30:24 INFO  Sync:133 - Element By.xpath: //div[@id='main-nav']//span[text()='Home'] is displayed
2020-02-22 09:30:25 INFO  Sync:218 - Waiting until element By.xpath: //div[@id='dashboard-toolbar']//a is clickable
2020-02-22 09:30:25 INFO  Sync:225 - Element By.xpath: //div[@id='dashboard-toolbar']//a is displayed and is clickable
2020-02-22 09:30:25 INFO  SafeActions:89 - Clicked on the element By.xpath: //div[@id='dashboard-toolbar']//a
2020-02-22 09:30:25 INFO  Sync:125 - Waiting for presence of element By.name: name
2020-02-22 09:30:25 INFO  Sync:133 - Element By.name: name is displayed
2020-02-22 09:30:26 INFO  Sync:125 - Waiting for presence of element By.name: url
2020-02-22 09:30:26 INFO  Sync:133 - Element By.name: url is displayed
2020-02-22 09:30:28 INFO  Sync:125 - Waiting for presence of element By.name: name
2020-02-22 09:30:28 INFO  Sync:133 - Element By.name: name is displayed
2020-02-22 09:30:28 INFO  Sync:125 - Waiting for presence of element By.name: city
2020-02-22 09:30:28 INFO  Sync:133 - Element By.name: city is displayed
2020-02-22 09:30:29 INFO  Sync:125 - Waiting for presence of element By.name: state
2020-02-22 09:30:29 INFO  Sync:133 - Element By.name: state is displayed
2020-02-22 09:30:30 INFO  Sync:125 - Waiting for presence of element By.name: zip
2020-02-22 09:30:30 INFO  Sync:133 - Element By.name: zip is displayed
2020-02-22 09:30:30 INFO  Sync:218 - Waiting until element By.xpath: //div[@name='country'] is clickable
2020-02-22 09:30:30 INFO  Sync:225 - Element By.xpath: //div[@name='country'] is displayed and is clickable
2020-02-22 09:30:32 ERROR SafeActions:109 - Element By.xpath: //div[@name='country'] was not clickable
com.slokam.test.automation.common.selenium.SafeActions.safeClick(SafeActions.java:109)
com.slokam.test.automation.common.pages.CreateCompanyPage.createPublicAccessCompany(CreateCompanyPage.java:35)
com.slokam.test.automation.testscripts.basic.CreateCompanyTest.createCompanyWithPublicAccess(CreateCompanyTest.java:44)
sun.reflect.NativeMethodAccessorImpl.invoke0(Native Method)
sun.reflect.NativeMethodAccessorImpl.invoke(Unknown Source)
sun.reflect.DelegatingMethodAccessorImpl.invoke(Unknown Source)
java.lang.reflect.Method.invoke(Unknown Source)
org.testng.internal.MethodInvocationHelper.invokeMethod(MethodInvocationHelper.java:124)
org.testng.internal.Invoker.invokeMethod(Invoker.java:583)
org.testng.internal.Invoker.invokeTestMethod(Invoker.java:719)
org.testng.internal.Invoker.invokeTestMethods(Invoker.java:989)
org.testng.internal.TestMethodWorker.invokeTestMethods(TestMethodWorker.java:125)
org.testng.internal.TestMethodWorker.run(TestMethodWorker.java:109)
org.testng.TestRunner.privateRun(TestRunner.java:648)
org.testng.TestRunner.run(TestRunner.java:505)
org.testng.SuiteRunner.runTest(SuiteRunner.java:455)
org.testng.SuiteRunner.runSequentially(SuiteRunner.java:450)
org.testng.SuiteRunner.privateRun(SuiteRunner.java:415)
org.testng.SuiteRunner.run(SuiteRunner.java:364)
org.testng.SuiteRunnerWorker.runSuite(SuiteRunnerWorker.java:52)
org.testng.SuiteRunnerWorker.run(SuiteRunnerWorker.java:84)
org.testng.TestNG.runSuitesSequentially(TestNG.java:1208)
org.testng.TestNG.runSuitesLocally(TestNG.java:1137)
org.testng.TestNG.runSuites(TestNG.java:1049)
org.testng.TestNG.run(TestNG.java:1017)
org.apache.maven.surefire.testng.TestNGExecutor.run(TestNGExecutor.java:283)
org.apache.maven.surefire.testng.TestNGXmlTestSuite.execute(TestNGXmlTestSuite.java:75)
org.apache.maven.surefire.testng.TestNGProvider.invoke(TestNGProvider.java:120)
org.apache.maven.surefire.booter.ForkedBooter.invokeProviderInSameClassLoader(ForkedBooter.java:379)
org.apache.maven.surefire.booter.ForkedBooter.runSuitesInProcess(ForkedBooter.java:340)
org.apache.maven.surefire.booter.ForkedBooter.execute(ForkedBooter.java:125)
org.apache.maven.surefire.booter.ForkedBooter.main(ForkedBooter.java:413)
2020-02-22 09:30:32 ERROR TestListener:46 - xxxxxxxxxxxxxxxxxxxxxxxxxxxxxxxxxxxxxxxxxxxxxxxxxxxxxxxxxxx

2020-02-22 09:30:32 ERROR TestListener:47 - ERROR ----------createCompanyWithPublicAccess has failed-----------------
2020-02-22 09:30:32 ERROR TestListener:48 - xxxxxxxxxxxxxxxxxxxxxxxxxxxxxxxxxxxxxxxxxxxxxxxxxxxxxxxxxxx

$$$$  EXTENT report attached
2020-02-22 09:30:32 ERROR TestListener:46 - xxxxxxxxxxxxxxxxxxxxxxxxxxxxxxxxxxxxxxxxxxxxxxxxxxxxxxxxxxx

2020-02-22 09:30:32 ERROR TestListener:47 - ERROR ----------createCompanyWithPublicAccess has failed-----------------
2020-02-22 09:30:32 ERROR TestListener:48 - xxxxxxxxxxxxxxxxxxxxxxxxxxxxxxxxxxxxxxxxxxxxxxxxxxxxxxxxxxx

$$$$  EXTENT report attached
]]></system-out>
    <system-err><![CDATA[SLF4J: Class path contains multiple SLF4J bindings.
SLF4J: Found binding in [jar:file:/C:/Users/Home/.m2/repository/org/apache/logging/log4j/log4j-slf4j-impl/2.12.1/log4j-slf4j-impl-2.12.1.jar!/org/slf4j/impl/StaticLoggerBinder.class]
SLF4J: Found binding in [jar:file:/C:/Users/Home/.m2/repository/org/slf4j/slf4j-log4j12/1.7.7/slf4j-log4j12-1.7.7.jar!/org/slf4j/impl/StaticLoggerBinder.class]
SLF4J: See http://www.slf4j.org/codes.html#multiple_bindings for an explanation.
SLF4J: Actual binding is of type [org.apache.logging.slf4j.Log4jLoggerFactory]
Starting ChromeDriver 79.0.3945.36 (3582db32b33893869b8c1339e8f4d9ed1816f143-refs/branch-heads/3945@{#614}) on port 9393
Only local connections are allowed.
Please protect ports used by ChromeDriver and related test frameworks to prevent access by malicious code.
[1582344007.869][WARNING]: This version of ChromeDriver has not been tested with Chrome version 80.
[1582344009.880][WARNING]: Timed out connecting to Chrome, retrying...
Feb 22, 2020 9:30:11 AM org.openqa.selenium.remote.ProtocolHandshake createSession
INFO: Detected dialect: W3C
[1582344014.023][WARNING]: Timed out connecting to Chrome, retrying...
]]></system-err>
  </testcase>
</testsuite>