<?xml version="1.0" encoding="UTF-8"?>
<testng-results skipped="0" failed="0" total="1" passed="1">
  <reporter-output>
  </reporter-output>
  <suite name="Default suite" duration-ms="298" started-at="2020-02-29T10:39:55Z" finished-at="2020-02-29T10:39:55Z">
    <groups>
    </groups>
    <test name="Default test" duration-ms="298" started-at="2020-02-29T10:39:55Z" finished-at="2020-02-29T10:39:55Z">
      <class name="com.slokam.test.automation.testscripts.basic.countVOWELS">
        <test-method status="PASS" signature="a()[pri:0, instance:com.slokam.test.automation.testscripts.basic.countVOWELS@36902638]" name="a" duration-ms="66" started-at="2020-02-29T16:09:55Z" finished-at="2020-02-29T16:09:55Z">
          <reporter-output>
          </reporter-output>
        </test-method> <!-- a -->
      </class> <!-- com.slokam.test.automation.testscripts.basic.countVOWELS -->
    </test> <!-- Default test -->
  </suite> <!-- Default suite -->
</testng-results>
